mode: set
github.com/prebid/prebid-server/v2/adapters/theadx/theadx.go:20.119,25.2 2 1
github.com/prebid/prebid-server/v2/adapters/theadx/theadx.go:26.59,33.27 6 1
github.com/prebid/prebid-server/v2/adapters/theadx/theadx.go:33.27,34.33 1 1
github.com/prebid/prebid-server/v2/adapters/theadx/theadx.go:34.33,36.4 1 0
github.com/prebid/prebid-server/v2/adapters/theadx/theadx.go:38.3,38.35 1 1
github.com/prebid/prebid-server/v2/adapters/theadx/theadx.go:38.35,40.4 1 0
github.com/prebid/prebid-server/v2/adapters/theadx/theadx.go:42.3,42.33 1 1
github.com/prebid/prebid-server/v2/adapters/theadx/theadx.go:42.33,44.4 1 0
github.com/prebid/prebid-server/v2/adapters/theadx/theadx.go:47.2,47.16 1 1
github.com/prebid/prebid-server/v2/adapters/theadx/theadx.go:49.137,53.34 3 1
github.com/prebid/prebid-server/v2/adapters/theadx/theadx.go:53.34,55.61 2 1
github.com/prebid/prebid-server/v2/adapters/theadx/theadx.go:55.61,59.12 2 0
github.com/prebid/prebid-server/v2/adapters/theadx/theadx.go:62.3,63.73 2 1
github.com/prebid/prebid-server/v2/adapters/theadx/theadx.go:63.73,67.12 2 0
github.com/prebid/prebid-server/v2/adapters/theadx/theadx.go:70.3,71.37 2 1
github.com/prebid/prebid-server/v2/adapters/theadx/theadx.go:74.2,77.16 3 1
github.com/prebid/prebid-server/v2/adapters/theadx/theadx.go:77.16,80.3 2 0
github.com/prebid/prebid-server/v2/adapters/theadx/theadx.go:82.2,89.53 2 1
github.com/prebid/prebid-server/v2/adapters/theadx/theadx.go:92.166,93.53 1 1
github.com/prebid/prebid-server/v2/adapters/theadx/theadx.go:93.53,95.3 1 1
github.com/prebid/prebid-server/v2/adapters/theadx/theadx.go:97.2,97.54 1 1
github.com/prebid/prebid-server/v2/adapters/theadx/theadx.go:97.54,102.3 2 1
github.com/prebid/prebid-server/v2/adapters/theadx/theadx.go:104.2,104.46 1 1
github.com/prebid/prebid-server/v2/adapters/theadx/theadx.go:104.46,109.3 2 1
github.com/prebid/prebid-server/v2/adapters/theadx/theadx.go:111.2,112.69 2 1
github.com/prebid/prebid-server/v2/adapters/theadx/theadx.go:112.69,114.3 1 1
github.com/prebid/prebid-server/v2/adapters/theadx/theadx.go:116.2,119.43 4 1
github.com/prebid/prebid-server/v2/adapters/theadx/theadx.go:119.43,120.35 1 1
github.com/prebid/prebid-server/v2/adapters/theadx/theadx.go:120.35,122.18 2 1
github.com/prebid/prebid-server/v2/adapters/theadx/theadx.go:122.18,124.13 2 0
github.com/prebid/prebid-server/v2/adapters/theadx/theadx.go:126.4,129.6 1 1
github.com/prebid/prebid-server/v2/adapters/theadx/theadx.go:133.2,133.28 1 1
github.com/prebid/prebid-server/v2/adapters/theadx/theadx.go:136.72,137.20 1 1
github.com/prebid/prebid-server/v2/adapters/theadx/theadx.go:137.20,140.41 3 1
github.com/prebid/prebid-server/v2/adapters/theadx/theadx.go:140.41,142.4 1 1
github.com/prebid/prebid-server/v2/adapters/theadx/theadx.go:145.2,147.3 1 0
