mode: set
github.com/prebid/prebid-server/v4/adapters/scalibur/scalibur.go:24.119,26.16 2 1
github.com/prebid/prebid-server/v4/adapters/scalibur/scalibur.go:26.16,28.3 1 0
github.com/prebid/prebid-server/v4/adapters/scalibur/scalibur.go:30.2,32.8 1 1
github.com/prebid/prebid-server/v4/adapters/scalibur/scalibur.go:36.133,41.34 3 1
github.com/prebid/prebid-server/v4/adapters/scalibur/scalibur.go:41.34,43.17 2 1
github.com/prebid/prebid-server/v4/adapters/scalibur/scalibur.go:43.17,45.12 2 1
github.com/prebid/prebid-server/v4/adapters/scalibur/scalibur.go:48.3,51.63 2 1
github.com/prebid/prebid-server/v4/adapters/scalibur/scalibur.go:51.63,53.37 2 1
github.com/prebid/prebid-server/v4/adapters/scalibur/scalibur.go:53.37,55.5 1 1
github.com/prebid/prebid-server/v4/adapters/scalibur/scalibur.go:58.3,58.88 1 1
github.com/prebid/prebid-server/v4/adapters/scalibur/scalibur.go:58.88,60.18 2 1
github.com/prebid/prebid-server/v4/adapters/scalibur/scalibur.go:60.18,62.13 2 1
github.com/prebid/prebid-server/v4/adapters/scalibur/scalibur.go:64.4,65.31 2 1
github.com/prebid/prebid-server/v4/adapters/scalibur/scalibur.go:68.3,68.32 1 1
github.com/prebid/prebid-server/v4/adapters/scalibur/scalibur.go:68.32,70.4 1 1
github.com/prebid/prebid-server/v4/adapters/scalibur/scalibur.go:73.3,76.27 3 1
github.com/prebid/prebid-server/v4/adapters/scalibur/scalibur.go:76.27,78.4 1 1
github.com/prebid/prebid-server/v4/adapters/scalibur/scalibur.go:79.3,83.62 3 1
github.com/prebid/prebid-server/v4/adapters/scalibur/scalibur.go:83.62,84.38 1 1
github.com/prebid/prebid-server/v4/adapters/scalibur/scalibur.go:84.38,86.5 1 1
github.com/prebid/prebid-server/v4/adapters/scalibur/scalibur.go:89.3,90.17 2 1
github.com/prebid/prebid-server/v4/adapters/scalibur/scalibur.go:90.17,92.12 2 0
github.com/prebid/prebid-server/v4/adapters/scalibur/scalibur.go:94.3,97.27 2 1
github.com/prebid/prebid-server/v4/adapters/scalibur/scalibur.go:97.27,101.33 2 1
github.com/prebid/prebid-server/v4/adapters/scalibur/scalibur.go:101.33,103.5 1 1
github.com/prebid/prebid-server/v4/adapters/scalibur/scalibur.go:104.4,104.34 1 1
github.com/prebid/prebid-server/v4/adapters/scalibur/scalibur.go:104.34,106.5 1 1
github.com/prebid/prebid-server/v4/adapters/scalibur/scalibur.go:107.4,107.34 1 1
github.com/prebid/prebid-server/v4/adapters/scalibur/scalibur.go:107.34,109.5 1 1
github.com/prebid/prebid-server/v4/adapters/scalibur/scalibur.go:110.4,110.33 1 1
github.com/prebid/prebid-server/v4/adapters/scalibur/scalibur.go:110.33,112.5 1 1
github.com/prebid/prebid-server/v4/adapters/scalibur/scalibur.go:113.4,113.37 1 1
github.com/prebid/prebid-server/v4/adapters/scalibur/scalibur.go:113.37,116.5 1 1
github.com/prebid/prebid-server/v4/adapters/scalibur/scalibur.go:118.4,118.47 1 1
github.com/prebid/prebid-server/v4/adapters/scalibur/scalibur.go:118.47,121.5 2 1
github.com/prebid/prebid-server/v4/adapters/scalibur/scalibur.go:122.4,122.47 1 1
github.com/prebid/prebid-server/v4/adapters/scalibur/scalibur.go:122.47,125.5 2 1
github.com/prebid/prebid-server/v4/adapters/scalibur/scalibur.go:126.4,126.32 1 1
github.com/prebid/prebid-server/v4/adapters/scalibur/scalibur.go:126.32,128.5 1 1
github.com/prebid/prebid-server/v4/adapters/scalibur/scalibur.go:129.4,129.32 1 1
github.com/prebid/prebid-server/v4/adapters/scalibur/scalibur.go:129.32,131.5 1 1
github.com/prebid/prebid-server/v4/adapters/scalibur/scalibur.go:133.4,133.30 1 1
github.com/prebid/prebid-server/v4/adapters/scalibur/scalibur.go:136.3,136.41 1 1
github.com/prebid/prebid-server/v4/adapters/scalibur/scalibur.go:140.2,140.25 1 1
github.com/prebid/prebid-server/v4/adapters/scalibur/scalibur.go:140.25,142.3 1 1
github.com/prebid/prebid-server/v4/adapters/scalibur/scalibur.go:145.2,150.38 5 1
github.com/prebid/prebid-server/v4/adapters/scalibur/scalibur.go:150.38,152.70 2 1
github.com/prebid/prebid-server/v4/adapters/scalibur/scalibur.go:152.70,154.4 1 1
github.com/prebid/prebid-server/v4/adapters/scalibur/scalibur.go:157.2,157.13 1 1
github.com/prebid/prebid-server/v4/adapters/scalibur/scalibur.go:157.13,159.62 2 1
github.com/prebid/prebid-server/v4/adapters/scalibur/scalibur.go:159.62,161.4 1 1
github.com/prebid/prebid-server/v4/adapters/scalibur/scalibur.go:162.8,164.3 1 1
github.com/prebid/prebid-server/v4/adapters/scalibur/scalibur.go:166.2,167.16 2 1
github.com/prebid/prebid-server/v4/adapters/scalibur/scalibur.go:167.16,169.3 1 0
github.com/prebid/prebid-server/v4/adapters/scalibur/scalibur.go:171.2,172.65 2 1
github.com/prebid/prebid-server/v4/adapters/scalibur/scalibur.go:172.65,174.3 1 0
github.com/prebid/prebid-server/v4/adapters/scalibur/scalibur.go:176.2,188.51 5 1
github.com/prebid/prebid-server/v4/adapters/scalibur/scalibur.go:192.174,193.49 1 1
github.com/prebid/prebid-server/v4/adapters/scalibur/scalibur.go:193.49,195.3 1 1
github.com/prebid/prebid-server/v4/adapters/scalibur/scalibur.go:197.2,197.42 1 1
github.com/prebid/prebid-server/v4/adapters/scalibur/scalibur.go:197.42,201.3 1 0
github.com/prebid/prebid-server/v4/adapters/scalibur/scalibur.go:203.2,204.68 2 1
github.com/prebid/prebid-server/v4/adapters/scalibur/scalibur.go:204.68,206.3 1 1
github.com/prebid/prebid-server/v4/adapters/scalibur/scalibur.go:209.2,210.74 2 1
github.com/prebid/prebid-server/v4/adapters/scalibur/scalibur.go:210.74,212.3 1 0
github.com/prebid/prebid-server/v4/adapters/scalibur/scalibur.go:215.2,216.28 2 1
github.com/prebid/prebid-server/v4/adapters/scalibur/scalibur.go:216.28,218.3 1 1
github.com/prebid/prebid-server/v4/adapters/scalibur/scalibur.go:220.2,223.23 2 1
github.com/prebid/prebid-server/v4/adapters/scalibur/scalibur.go:223.23,225.3 1 1
github.com/prebid/prebid-server/v4/adapters/scalibur/scalibur.go:225.8,227.3 1 1
github.com/prebid/prebid-server/v4/adapters/scalibur/scalibur.go:230.2,230.42 1 1
github.com/prebid/prebid-server/v4/adapters/scalibur/scalibur.go:230.42,231.35 1 1
github.com/prebid/prebid-server/v4/adapters/scalibur/scalibur.go:231.35,234.14 2 1
github.com/prebid/prebid-server/v4/adapters/scalibur/scalibur.go:234.14,238.5 1 1
github.com/prebid/prebid-server/v4/adapters/scalibur/scalibur.go:241.4,242.18 2 1
github.com/prebid/prebid-server/v4/adapters/scalibur/scalibur.go:242.18,246.5 1 0
github.com/prebid/prebid-server/v4/adapters/scalibur/scalibur.go:248.4,251.43 2 1
github.com/prebid/prebid-server/v4/adapters/scalibur/scalibur.go:251.43,257.23 2 1
github.com/prebid/prebid-server/v4/adapters/scalibur/scalibur.go:257.23,258.69 1 1
github.com/prebid/prebid-server/v4/adapters/scalibur/scalibur.go:258.69,259.35 1 1
github.com/prebid/prebid-server/v4/adapters/scalibur/scalibur.go:259.35,261.8 1 1
github.com/prebid/prebid-server/v4/adapters/scalibur/scalibur.go:261.13,261.63 1 1
github.com/prebid/prebid-server/v4/adapters/scalibur/scalibur.go:261.63,264.8 1 1
github.com/prebid/prebid-server/v4/adapters/scalibur/scalibur.go:269.4,272.6 1 1
github.com/prebid/prebid-server/v4/adapters/scalibur/scalibur.go:276.2,276.32 1 1
github.com/prebid/prebid-server/v4/adapters/scalibur/scalibur.go:276.32,278.3 1 1
github.com/prebid/prebid-server/v4/adapters/scalibur/scalibur.go:280.2,280.25 1 1
github.com/prebid/prebid-server/v4/adapters/scalibur/scalibur.go:284.84,286.63 2 1
github.com/prebid/prebid-server/v4/adapters/scalibur/scalibur.go:286.63,290.3 1 1
github.com/prebid/prebid-server/v4/adapters/scalibur/scalibur.go:292.2,293.75 2 1
github.com/prebid/prebid-server/v4/adapters/scalibur/scalibur.go:293.75,297.3 1 0
github.com/prebid/prebid-server/v4/adapters/scalibur/scalibur.go:299.2,299.26 1 1
github.com/prebid/prebid-server/v4/adapters/scalibur/scalibur.go:303.88,304.19 1 1
github.com/prebid/prebid-server/v4/adapters/scalibur/scalibur.go:305.29,306.40 1 1
github.com/prebid/prebid-server/v4/adapters/scalibur/scalibur.go:307.28,308.39 1 1
github.com/prebid/prebid-server/v4/adapters/scalibur/scalibur.go:312.2,312.43 1 1
github.com/prebid/prebid-server/v4/adapters/scalibur/scalibur.go:312.43,314.3 1 1
github.com/prebid/prebid-server/v4/adapters/scalibur/scalibur.go:315.2,315.43 1 1
github.com/prebid/prebid-server/v4/adapters/scalibur/scalibur.go:315.43,317.3 1 1
github.com/prebid/prebid-server/v4/adapters/scalibur/scalibur.go:319.2,319.84 1 1
